<?xml version="1.0" encoding="UTF-8"?>
<!-- Generated by org.testng.reporters.JUnitReportReporter -->
<testsuite hostname="DESKTOP-5VU2K6O" failures="0" tests="5" name="testrunners.TestngParallelRunSet" time="77.955" errors="0" timestamp="2022-01-28T12:11:03 IST" skipped="0">
  <testcase classname="testrunners.TestngParallelRunSet" name="runScenario" time="14.673"/>
  <system-out/>
  <testcase classname="testrunners.TestngParallelRunSet" name="runScenario" time="15.683"/>
  <system-out/>
  <testcase classname="testrunners.TestngParallelRunSet" name="runScenario" time="16.286"/>
  <system-out/>
  <testcase classname="testrunners.TestngParallelRunSet" name="runScenario" time="14.996"/>
  <system-out/>
  <testcase classname="testrunners.TestngParallelRunSet" name="runScenario" time="16.317"/>
  <system-out/>
</testsuite> <!-- testrunners.TestngParallelRunSet -->
