<?xml version="1.0" encoding="UTF-8"?>
<!-- Generated by org.testng.reporters.JUnitReportReporter -->
<testsuite hostname="DESKTOP-5VU2K6O" failures="0" tests="5" name="testrunners.TestngParallelRunSet" time="135.519" errors="0" timestamp="2021-07-01T08:30:54 IST" skipped="0">
  <testcase classname="testrunners.TestngParallelRunSet" name="runScenario" time="27.004"/>
  <system-out/>
  <testcase classname="testrunners.TestngParallelRunSet" name="runScenario" time="27.300"/>
  <system-out/>
  <testcase classname="testrunners.TestngParallelRunSet" name="runScenario" time="26.765"/>
  <system-out/>
  <testcase classname="testrunners.TestngParallelRunSet" name="runScenario" time="28.148"/>
  <system-out/>
  <testcase classname="testrunners.TestngParallelRunSet" name="runScenario" time="26.302"/>
  <system-out/>
</testsuite> <!-- testrunners.TestngParallelRunSet -->
