<?xml version="1.0" encoding="UTF-8"?>
<!-- Generated by org.testng.reporters.JUnitReportReporter -->
<testsuite skipped="0" hostname="DESKTOP-5VU2K6O" name="testrunners.TestngParallelRunSet" tests="5" failures="0" timestamp="2022-01-27T14:36:10 IST" time="82.868" errors="0">
  <testcase name="runScenario" time="16.274" classname="testrunners.TestngParallelRunSet"/>
  <system-out/>
  <testcase name="runScenario" time="17.754" classname="testrunners.TestngParallelRunSet"/>
  <system-out/>
  <testcase name="runScenario" time="16.247" classname="testrunners.TestngParallelRunSet"/>
  <system-out/>
  <testcase name="runScenario" time="16.273" classname="testrunners.TestngParallelRunSet"/>
  <system-out/>
  <testcase name="runScenario" time="16.320" classname="testrunners.TestngParallelRunSet"/>
  <system-out/>
</testsuite> <!-- testrunners.TestngParallelRunSet -->
