<?xml version="1.0" encoding="UTF-8"?>
<!-- Generated by org.testng.reporters.JUnitReportReporter -->
<testsuite skipped="0" hostname="DESKTOP-5VU2K6O" name="testrunners.TestngParallelRunSet" tests="5" failures="0" timestamp="2022-01-27T11:59:55 IST" time="76.214" errors="0">
  <testcase name="runScenario" time="14.904" classname="testrunners.TestngParallelRunSet"/>
  <system-out/>
  <testcase name="runScenario" time="16.500" classname="testrunners.TestngParallelRunSet"/>
  <system-out/>
  <testcase name="runScenario" time="14.932" classname="testrunners.TestngParallelRunSet"/>
  <system-out/>
  <testcase name="runScenario" time="14.932" classname="testrunners.TestngParallelRunSet"/>
  <system-out/>
  <testcase name="runScenario" time="14.946" classname="testrunners.TestngParallelRunSet"/>
  <system-out/>
</testsuite> <!-- testrunners.TestngParallelRunSet -->
